Computing heat-distribution for room size N=6144 for T=3072000 timesteps
Initial:	X                              @                                                                                         X
Step t=0:	X                              @                                                                                         X
Step t=10000:	X                           -X@@@:                                                                                       X
Step t=20000:	X                          .+@@@@*-                                                                                      X
Step t=30000:	X                         .:^@@@@#=.                                                                                     X
Step t=40000:	X                         -=#@@@@%+-.                                                                                    X
Step t=50000:	X                        .:*%@@@@@^:.                                                                                    X
Step t=60000:	X                       .-=^@@@@@@X=-.                                                                                   X
Step t=70000:	X                       .-=X@@@@@@#+:.                                                                                   X
Step t=80000:	X                      ..:+X@@@@@@#*:-.                                                                                  X
Step t=90000:	X                      .-=*#@@@@@@%^=-.                                                                                  X
Step t=100000:	X                      .-=*%@@@@@@@^+:..                                                                                 X
Step t=110000:	X                     ..:+^%@@@@@@@X+:-.                                                                                 X
Step t=120000:	X                     .-:+X@@@@@@@@X*=-.                                                                                 X
Step t=130000:	X                     .-=*X@@@@@@@@#*=-..                                                                                X
Step t=140000:	X                    ..-=*X@@@@@@@@#^=:-.                                                                                X
Step t=150000:	X                    .-:=*#@@@@@@@@%^+:-.                                                                                X
Step t=160000:	X                    .-:+^#@@@@@@@@%^+:-..                                                                               X
Step t=170000:	X                   ..-:+^%@@@@@@@@%X+=-..                                                                               X
Step t=180000:	X                   ..-=+^%@@@@@@@@@X*=:-.                                                                               X
Step t=190000:	X                   .-:=*X%@@@@@@@@@X*=:-..                                                                              X
Step t=200000:	X                  ..-:=*X%@@@@@@@@@#*+:-..                                                                              X
Step t=210000:	X                  ..-:+*X@@@@@@@@@@#^+:-..                                                                              X
Step t=220000:	X                  ..-:+*#@@@@@@@@@@#^+=:-.                                                                              X
Step t=230000:	X                  .--=+^#@@@@@@@@@@#^+=:-..                                                                             X
Step t=240000:	X                 ..-:=+^#@@@@@@@@@@%^*=:-..                                                                             X
Step t=250000:	X                 ..-:=+^#@@@@@@@@@@%X*=:-..                                                                             X
Step t=260000:	X                 ..-:=*^#@@@@@@@@@@%X*+:--.                                                                             X
Step t=270000:	X                 .--:=*X%@@@@@@@@@@%X*+=:-..                                                                            X
Step t=280000:	X                ..--:+*X%@@@@@@@@@@%X^+=:-..                                                                            X
Step t=290000:	X                ..-:=+*X%@@@@@@@@@@@#^+=:-..                                                                            X
Step t=300000:	X                ..-:=+^X%@@@@@@@@@@@#^+=:-..                                                                            X
Step t=310000:	X                ..-:=+^X%@@@@@@@@@@@#^*=:--..                                                                           X
Step t=320000:	X               ..--:=+^#@@@@@@@@@@@@#^*=:--..                                                                           X
Step t=330000:	X               ..--:=*^#@@@@@@@@@@@@#X*+::-..                                                                           X
Step t=340000:	X               ..--:=*^#@@@@@@@@@@@@#X*+=:-..                                                                           X
Step t=350000:	X               ..-:=+*^#@@@@@@@@@@@@%X*+=:-...                                                                          X
Step t=360000:	X              ...-:=+*X#@@@@@@@@@@@@%X*+=:--..                                                                          X
Step t=370000:	X              ...-:=+*X#@@@@@@@@@@@@%X^+=:--..                                                                          X
Step t=380000:	X              ..--:=+*X%@@@@@@@@@@@@%X^+=:--..                                                                          X
Step t=390000:	X              ..--:=+^X%@@@@@@@@@@@@%X^*=:--..                                                                          X
Step t=400000:	X              ..--:=+^X%@@@@@@@@@@@@%#^*=::-...                                                                         X
Step t=410000:	X             ...-::=+^X%@@@@@@@@@@@@@#^*+=:-...                                                                         X
Step t=420000:	X             ...-::=*^X%@@@@@@@@@@@@@#^*+=:--..                                                                         X
Step t=430000:	X             ...-:=+*^#%@@@@@@@@@@@@@#^*+=:--..                                                                         X
Step t=440000:	X             ..--:=+*^#%@@@@@@@@@@@@@#X*+=:--..                                                                         X
Step t=450000:	X             ..--:=+*^#@@@@@@@@@@@@@@#X*+=:--...                                                                        X
Step t=460000:	X             ..--:=+*^#@@@@@@@@@@@@@@#X*+=::-...                                                                        X
Step t=470000:	X            ...--:=+*X#@@@@@@@@@@@@@@%X^+=::-...                                                                        X
Step t=480000:	X            ...-::=+*X#@@@@@@@@@@@@@@%X^*=::-...                                                                        X
Step t=490000:	X            ...-::=+^X#@@@@@@@@@@@@@@%X^*+=:--..                                                                        X
Step t=500000:	X            ..--::=+^X#@@@@@@@@@@@@@@%X^*+=:--..                                                                        X
Step t=510000:	X            ..--:=+*^X%@@@@@@@@@@@@@@%X^*+=:--...                                                                       X
Step t=520000:	X           ...--:=+*^X%@@@@@@@@@@@@@@%#^*+=:--...                                                                       X
Step t=530000:	X           ...--:=+*^X%@@@@@@@@@@@@@@%#^*+=:--...                                                                       X
Step t=540000:	X           ...--:=+*^X%@@@@@@@@@@@@@@%#^*+=::-...                                                                       X
Step t=550000:	X           ...--:=+*^#%@@@@@@@@@@@@@@%#X*+=::--..                                                                       X
Step t=560000:	X           ...-::=+*^#%@@@@@@@@@@@@@@%#X*+=::--...                                                                      X
Step t=570000:	X           ..--::=+*^#%@@@@@@@@@@@@@@@#X*+==:--...                                                                      X
Step t=580000:	X          ...--::=+*^#%@@@@@@@@@@@@@@@#X^++=:--...                                                                      X
Step t=590000:	X          ...--:==+*X#%@@@@@@@@@@@@@@@#X^*+=:--...                                                                      X
Step t=600000:	X          ...--:==+*X#%@@@@@@@@@@@@@@@#X^*+=:--...                                                                      X
Step t=610000:	X          ...--:=+*^X#@@@@@@@@@@@@@@@@#X^*+=:--...                                                                      X
Step t=620000:	X          ...--:=+*^X#@@@@@@@@@@@@@@@@%X^*+=::--...                                                                     X
Step t=630000:	X          ...--:=+*^X#@@@@@@@@@@@@@@@@%X^*+=::--...                                                                     X
Step t=640000:	X         ...--::=+*^X#@@@@@@@@@@@@@@@@%X^*+=::--...                                                                     X
Step t=650000:	X         ...--::=+*^X#@@@@@@@@@@@@@@@@%X^*+=::--...                                                                     X
Step t=660000:	X         ...--::=+*^X%@@@@@@@@@@@@@@@@%#^*+==:--...                                                                     X
Step t=670000:	X         ...--::=+*^X%@@@@@@@@@@@@@@@@%#^*+==:--...                                                                     X
Step t=680000:	X         ...--:==+*^X%@@@@@@@@@@@@@@@@%#X*+==:--...                                                                     X
Step t=690000:	X         ...--:==+*^#%@@@@@@@@@@@@@@@@%#X*++=:--....                                                                    X
Step t=700000:	X        ....--:==+*^#%@@@@@@@@@@@@@@@@%#X^*+=::--...                                                                    X
Step t=710000:	X        ....--:=++*^#%@@@@@@@@@@@@@@@@%#X^*+=::--...                                                                    X
Step t=720000:	X        ...--::=++*X#%@@@@@@@@@@@@@@@@%#X^*+=::--...                                                                    X
Step t=730000:	X        ...--::=+*^X#%@@@@@@@@@@@@@@@@%#X^*+=::--...                                                                    X
Step t=740000:	X        ...--::=+*^X#%@@@@@@@@@@@@@@@@@#X^*+=::--...                                                                    X
Step t=750000:	X        ...--::=+*^X#%@@@@@@@@@@@@@@@@@#X^*+=::--...                                                                    X
Step t=760000:	X        ...--::=+*^X#%@@@@@@@@@@@@@@@@@#X^*+==:--....                                                                   X
Step t=770000:	X       ....--::=+*^X#%@@@@@@@@@@@@@@@@@#X^*+==:--....                                                                   X
Step t=780000:	X       ....--:==+*^X#%@@@@@@@@@@@@@@@@@%X^*+==:---...                                                                   X
Step t=790000:	X       ....--:==+*^X#@@@@@@@@@@@@@@@@@@%X^*+==::--...                                                                   X
Step t=800000:	X       ...---:==+*^X#@@@@@@@@@@@@@@@@@@%X^*++=::--...                                                                   X
Step t=810000:	X       ...---:==+*^X#@@@@@@@@@@@@@@@@@@%#^*++=::--...                                                                   X
Step t=820000:	X       ...--::==+*^X#@@@@@@@@@@@@@@@@@@%#^**+=::--...                                                                   X
Step t=830000:	X       ...--::=++*^X%@@@@@@@@@@@@@@@@@@%#X^*+=::--....                                                                  X
Step t=840000:	X      ....--::=++*^X%@@@@@@@@@@@@@@@@@@%#X^*+=::--....                                                                  X
Step t=850000:	X      ....--::=+**^#%@@@@@@@@@@@@@@@@@@%#X^*+=::--....                                                                  X
Step t=860000:	X      ....--::=+**^#%@@@@@@@@@@@@@@@@@@%#X^*+==:---...                                                                  X
Step t=870000:	X      ....--::=+*^X#%@@@@@@@@@@@@@@@@@@%#X^*+==:---...                                                                  X
Step t=880000:	X      ...---::=+*^X#%@@@@@@@@@@@@@@@@@@%#X^*+==:---...                                                                  X
Step t=890000:	X      ...---:==+*^X#%@@@@@@@@@@@@@@@@@@%#X^*+==::--...                                                                  X
Step t=900000:	X     ....---:==+*^X#%@@@@@@@@@@@@@@@@@@%#X^*+==::--....                                                                 X
Step t=910000:	X     ....--::==+*^X#%@@@@@@@@@@@@@@@@@@%#X^*++=::--....                                                                 X
Step t=920000:	X     ....--::==+*^X#%@@@@@@@@@@@@@@@@@@%#X^*++=::--....                                                                 X
Step t=930000:	X     ....--::==+*^X#%@@@@@@@@@@@@@@@@@@%#X^*++=::--....                                                                 X
Step t=940000:	X     ....--::==+*^X#%@@@@@@@@@@@@@@@@@@@#X^*++=::--....                                                                 X
Step t=950000:	X     ....--::=++*^X#%@@@@@@@@@@@@@@@@@@@#X^**+=::---...                                                                 X
Step t=960000:	X    .....--::=++*^X#%@@@@@@@@@@@@@@@@@@@#X^**+=::---...                                                                 X
Step t=970000:	X    ....---::=++*^X#%@@@@@@@@@@@@@@@@@@@%X^**+==:---...                                                                 X
Step t=980000:	X    ....---::=++*^X#%@@@@@@@@@@@@@@@@@@@%#^^*+==:---....                                                                X
Step t=990000:	X    ....---::=+**^X#@@@@@@@@@@@@@@@@@@@@%#X^*+==::--....                                                                X
Step t=1000000:	X    ....---:==+**^X#@@@@@@@@@@@@@@@@@@@@%#X^*+==::--....                                                                X
Step t=1010000:	X   .....--::==+*^^X#@@@@@@@@@@@@@@@@@@@@%#X^*+==::--....                                                                X
Step t=1020000:	X   .....--::==+*^^X%@@@@@@@@@@@@@@@@@@@@%#X^*+==::--....                                                                X
Step t=1030000:	X   .....--::==+*^X#%@@@@@@@@@@@@@@@@@@@@%#X^*+==::--....                                                                X
Step t=1040000:	X   .....--::==+*^X#%@@@@@@@@@@@@@@@@@@@@%#X^*++=::---...                                                                X
Step t=1050000:	X  .....---::==+*^X#%@@@@@@@@@@@@@@@@@@@@%#X^*++=::---....                                                               X
Step t=1060000:	X  .....---::==+*^X#%@@@@@@@@@@@@@@@@@@@@%#X^*++=::---....                                                               X
Step t=1070000:	X  .....---::=++*^X#%@@@@@@@@@@@@@@@@@@@@%#X^*++=::---....                                                               X
Step t=1080000:	X ......---::=++*^X#%@@@@@@@@@@@@@@@@@@@@%#X^*++=::---....                                                               X
Step t=1090000:	X ......---::=++*^X#%@@@@@@@@@@@@@@@@@@@@%#X^**+==:---....                                                               X
Step t=1100000:	X.......---::=++*^X#%@@@@@@@@@@@@@@@@@@@@%#X^**+==::--....                                                               X
Step t=1110000:	X.......--:::=++*^X#%@@@@@@@@@@@@@@@@@@@@%#X^**+==::--....                                                               X
Step t=1120000:	X.......--::==++*^X#%@@@@@@@@@@@@@@@@@@@@%#X^**+==::--....                                                               X
Step t=1130000:	X......---::==+**^X#%@@@@@@@@@@@@@@@@@@@@%#X^^*+==::--....                                                               X
Step t=1140000:	X......---::==+**^X#%@@@@@@@@@@@@@@@@@@@@%#X^^*+==::---....                                                              X
Step t=1150000:	X......---::==+**^X#%@@@@@@@@@@@@@@@@@@@@%#X^^*+==::---....                                                              X
Step t=1160000:	X......---::==+**^X#%@@@@@@@@@@@@@@@@@@@@@#XX^*+==::---....                                                              X
Step t=1170000:	X......---::==+*^^X#%@@@@@@@@@@@@@@@@@@@@@%#X^*+==::---....                                                              X
Step t=1180000:	X......---::==+*^^X#%@@@@@@@@@@@@@@@@@@@@@%#X^*++=::---....                                                              X
Step t=1190000:	X......---::==+*^^X#%@@@@@@@@@@@@@@@@@@@@@%#X^*++=::---....                                                              X
Step t=1200000:	X.....----::=++*^XX#%@@@@@@@@@@@@@@@@@@@@@%#X^*++=::---....                                                              X
Step t=1210000:	X.....---:::=++*^XX#%@@@@@@@@@@@@@@@@@@@@@%#X^*++=:::--....                                                              X
Step t=1220000:	X.....---:::=++*^X##@@@@@@@@@@@@@@@@@@@@@@%#X^*++==::--.....                                                             X
Step t=1230000:	X.....---::==++*^X#%@@@@@@@@@@@@@@@@@@@@@@%#X^*++==::--.....                                                             X
Step t=1240000:	X.....---::==++*^X#%@@@@@@@@@@@@@@@@@@@@@@%#X^**+==::---....                                                             X
Step t=1250000:	X.....---::==++*^X#%@@@@@@@@@@@@@@@@@@@@@@%#X^**+==::---....                                                             X
Step t=1260000:	X.....---::==++*^X#%@@@@@@@@@@@@@@@@@@@@@@%#X^**+==::---....                                                             X
Step t=1270000:	X....----::==++*^X#%@@@@@@@@@@@@@@@@@@@@@@%#X^**+==::---....                                                             X
Step t=1280000:	X....----::==+**^X#%@@@@@@@@@@@@@@@@@@@@@@%#X^**+==::---....                                                             X
Step t=1290000:	X....----::==+**^X#%@@@@@@@@@@@@@@@@@@@@@@%#X^**+==::---....                                                             X
Step t=1300000:	X....----::==+**^X#%@@@@@@@@@@@@@@@@@@@@@@%#X^^*+==::---....                                                             X
Step t=1310000:	X....---:::==+**^X#%@@@@@@@@@@@@@@@@@@@@@@%#X^^*+==::---.....                                                            X
Step t=1320000:	X....---:::==+**^X#%@@@@@@@@@@@@@@@@@@@@@@%#X^^*++=::---.....                                                            X
Step t=1330000:	X...----:::==+**^X#%@@@@@@@@@@@@@@@@@@@@@@%#X^^*++=:::--.....                                                            X
Step t=1340000:	X...----:::=++*^^X#%@@@@@@@@@@@@@@@@@@@@@@%#XX^*++=:::--.....                                                            X
Step t=1350000:	X...----::==++*^^X#%@@@@@@@@@@@@@@@@@@@@@@%#XX^*++==::---....                                                            X
Step t=1360000:	X...----::==++*^^X#%@@@@@@@@@@@@@@@@@@@@@@%#XX^*++==::---....                                                            X
Step t=1370000:	X..-----::==++*^^X#%@@@@@@@@@@@@@@@@@@@@@@%#XX^*++==::---....                                                            X
Step t=1380000:	X..-----::==++*^XX#%@@@@@@@@@@@@@@@@@@@@@@%##X^*++==::---....                                                            X
Step t=1390000:	X..-----::==++*^XX#%@@@@@@@@@@@@@@@@@@@@@@%##X^*++==::---....                                                            X
Step t=1400000:	X.-----:::==++*^XX#%@@@@@@@@@@@@@@@@@@@@@@%%#X^*++==::---.....                                                           X
Step t=1410000:	X.-----:::==++*^XX#%@@@@@@@@@@@@@@@@@@@@@@@%#X^**+==::---.....                                                           X
Step t=1420000:	X------:::==++*^X##%@@@@@@@@@@@@@@@@@@@@@@@%#X^**+==::---.....                                                           X
Step t=1430000:	X------:::==+**^X##%@@@@@@@@@@@@@@@@@@@@@@@%#X^**+==::---.....                                                           X
Step t=1440000:	X------:::==+**^X##%@@@@@@@@@@@@@@@@@@@@@@@%#X^**+==::---.....                                                           X
Step t=1450000:	X------:::==+**^X#%%@@@@@@@@@@@@@@@@@@@@@@@%#X^**+==:::--.....                                                           X
Step t=1460000:	X------::===+**^X#%@@@@@@@@@@@@@@@@@@@@@@@@%#X^**+==:::---....                                                           X
Step t=1470000:	X------::==++**^X#%@@@@@@@@@@@@@@@@@@@@@@@@%#X^**++=:::---....                                                           X
Step t=1480000:	X-----:::==++**^X#%@@@@@@@@@@@@@@@@@@@@@@@@%#X^^*++=:::---....                                                           X
Step t=1490000:	X-----:::==++**^X#%@@@@@@@@@@@@@@@@@@@@@@@@%#X^^*++==::---....                                                           X
Step t=1500000:	X-----:::==++*^^X#%@@@@@@@@@@@@@@@@@@@@@@@@%#X^^*++==::---.....                                                          X
Step t=1510000:	X-----:::==++*^^X#%@@@@@@@@@@@@@@@@@@@@@@@@%#X^^*++==::---.....                                                          X
Step t=1520000:	X-----:::==++*^^X#%@@@@@@@@@@@@@@@@@@@@@@@@%#X^^*++==::---.....                                                          X
Step t=1530000:	X-----:::==++*^^X#%@@@@@@@@@@@@@@@@@@@@@@@@%#X^^*++==::---.....                                                          X
Step t=1540000:	X-----:::==++*^^X#%@@@@@@@@@@@@@@@@@@@@@@@@%#XX^*++==::---.....                                                          X
Step t=1550000:	X----::::==++*^^X#%@@@@@@@@@@@@@@@@@@@@@@@@%#XX^*++==::---.....                                                          X
Step t=1560000:	X----:::===++*^^X#%@@@@@@@@@@@@@@@@@@@@@@@@%#XX^*++==::---.....                                                          X
Step t=1570000:	X----:::===++*^XX#%@@@@@@@@@@@@@@@@@@@@@@@@%#XX^*++==::----....                                                          X
Step t=1580000:	X----:::===+**^XX#%@@@@@@@@@@@@@@@@@@@@@@@@%#XX^**+==:::---....                                                          X
Step t=1590000:	X----:::===+**^XX#%@@@@@@@@@@@@@@@@@@@@@@@@%#XX^**+==:::---....                                                          X
Step t=1600000:	X---::::==++**^XX#%@@@@@@@@@@@@@@@@@@@@@@@@%##X^**+==:::---.....                                                         X
Step t=1610000:	X---::::==++**^XX#%@@@@@@@@@@@@@@@@@@@@@@@@%##X^**+==:::---.....                                                         X
Step t=1620000:	X---::::==++**^XX#%@@@@@@@@@@@@@@@@@@@@@@@@%##X^**+==:::---.....                                                         X
Step t=1630000:	X---::::==++**^X##%@@@@@@@@@@@@@@@@@@@@@@@@%##X^**++==::---.....                                                         X
Step t=1640000:	X---::::==++**^X##%@@@@@@@@@@@@@@@@@@@@@@@@%%#X^**++==::---.....                                                         X
Step t=1650000:	X--:::::==++**^X##%@@@@@@@@@@@@@@@@@@@@@@@@%%#X^**++==::---.....                                                         X
Step t=1660000:	X--::::===++**^X##%@@@@@@@@@@@@@@@@@@@@@@@@%%#X^**++==::---.....                                                         X
Step t=1670000:	X--::::===++*^^X##%@@@@@@@@@@@@@@@@@@@@@@@@@%#X^^*++==::---.....                                                         X
Step t=1680000:	X-:::::===++*^^X#%%@@@@@@@@@@@@@@@@@@@@@@@@@%#X^^*++==::---.....                                                         X
Step t=1690000:	X-:::::===++*^^X#%%@@@@@@@@@@@@@@@@@@@@@@@@@%#X^^*++==::----....                                                         X
Step t=1700000:	X::::::===++*^^X#%%@@@@@@@@@@@@@@@@@@@@@@@@@%#X^^*++==::----.....                                                        X
Step t=1710000:	X::::::===++*^^X#%%@@@@@@@@@@@@@@@@@@@@@@@@@%#X^^*++==::----.....                                                        X
Step t=1720000:	X::::::==++**^^X#%@@@@@@@@@@@@@@@@@@@@@@@@@@%#X^^*++==:::---.....                                                        X
Step t=1730000:	X::::::==++**^^X#%@@@@@@@@@@@@@@@@@@@@@@@@@@%#X^^*++==:::---.....                                                        X
Step t=1740000:	X:::::===++**^^X#%@@@@@@@@@@@@@@@@@@@@@@@@@@%#X^^*++==:::---.....                                                        X
Step t=1750000:	X:::::===++**^^X#%@@@@@@@@@@@@@@@@@@@@@@@@@@%#X^^*++==:::---.....                                                        X
Step t=1760000:	X:::::===++**^XX#%@@@@@@@@@@@@@@@@@@@@@@@@@@%#XX^**+==:::---.....                                                        X
Step t=1770000:	X:::::===++**^XX#%@@@@@@@@@@@@@@@@@@@@@@@@@@%#XX^**+==:::---.....                                                        X
Step t=1780000:	X:::::===++**^XX#%@@@@@@@@@@@@@@@@@@@@@@@@@@%#XX^**+==:::---.....                                                        X
Step t=1790000:	X:::::===++**^XX#%@@@@@@@@@@@@@@@@@@@@@@@@@@%#XX^**+===::---.....                                                        X
Step t=1800000:	X:::::===++**^XX#%@@@@@@@@@@@@@@@@@@@@@@@@@@%#XX^**++==::---......                                                       X
Step t=1810000:	X::::====++**^XX#%@@@@@@@@@@@@@@@@@@@@@@@@@@%#XX^**++==::----.....                                                       X
Step t=1820000:	X::::===+++**^XX#%@@@@@@@@@@@@@@@@@@@@@@@@@@%#XX^**++==::----.....                                                       X
Step t=1830000:	X::::===+++*^^XX#%@@@@@@@@@@@@@@@@@@@@@@@@@@%##X^**++==::----.....                                                       X
Step t=1840000:	X::::===+++*^^X##%@@@@@@@@@@@@@@@@@@@@@@@@@@%##X^**++==::----.....                                                       X
Step t=1850000:	X::::===+++*^^X##%@@@@@@@@@@@@@@@@@@@@@@@@@@%##X^**++==::----.....                                                       X
Step t=1860000:	X::::===++**^^X##%@@@@@@@@@@@@@@@@@@@@@@@@@@%##X^**++==:::---.....                                                       X
Step t=1870000:	X:::====++**^^X##%@@@@@@@@@@@@@@@@@@@@@@@@@@%##X^**++==:::---.....                                                       X
Step t=1880000:	X:::====++**^^X##%@@@@@@@@@@@@@@@@@@@@@@@@@@%##X^^*++==:::---.....                                                       X
Step t=1890000:	X:::====++**^^X##%@@@@@@@@@@@@@@@@@@@@@@@@@@%##X^^*++==:::---.....                                                       X
Step t=1900000:	X:::====++**^^X##%@@@@@@@@@@@@@@@@@@@@@@@@@@%%#X^^*++==:::---.....                                                       X
Step t=1910000:	X:::====++**^^X##%@@@@@@@@@@@@@@@@@@@@@@@@@@%%#X^^*++==:::---......                                                      X
Step t=1920000:	X::====+++**^^X#%%@@@@@@@@@@@@@@@@@@@@@@@@@@%%#X^^*++==:::---......                                                      X
Step t=1930000:	X::====+++**^^X#%%@@@@@@@@@@@@@@@@@@@@@@@@@@%%#X^^*++==:::---......                                                      X
Step t=1940000:	X::====+++**^XX#%%@@@@@@@@@@@@@@@@@@@@@@@@@@%%#X^^*++===::----.....                                                      X
Step t=1950000:	X:=====+++**^XX#%%@@@@@@@@@@@@@@@@@@@@@@@@@@%%#X^^**+===::----.....                                                      X
Step t=1960000:	X:=====+++**^XX#%%@@@@@@@@@@@@@@@@@@@@@@@@@@%%#X^^**+===::----.....                                                      X
Step t=1970000:	X======+++**^XX#%%@@@@@@@@@@@@@@@@@@@@@@@@@@@%#X^^**++==::----.....                                                      X
Step t=1980000:	X======++***^XX#%@@@@@@@@@@@@@@@@@@@@@@@@@@@@%#X^^**++==::----.....                                                      X
Step t=1990000:	X======++**^^XX#%@@@@@@@@@@@@@@@@@@@@@@@@@@@@%#XX^**++==::----.....                                                      X
Step t=2000000:	X======++**^^XX#%@@@@@@@@@@@@@@@@@@@@@@@@@@@@%#XX^**++==:::---.....                                                      X
Step t=2010000:	X=====+++**^^XX#%@@@@@@@@@@@@@@@@@@@@@@@@@@@@%#XX^**++==:::---.....                                                      X
Step t=2020000:	X=====+++**^^XX#%@@@@@@@@@@@@@@@@@@@@@@@@@@@@%#XX^**++==:::---......                                                     X
Step t=2030000:	X=====+++**^^XX#%@@@@@@@@@@@@@@@@@@@@@@@@@@@@%#XX^**++==:::---......                                                     X
Step t=2040000:	X=====+++**^^XX#%@@@@@@@@@@@@@@@@@@@@@@@@@@@@%#XX^**++==:::---......                                                     X
Step t=2050000:	X=====+++**^^X##%@@@@@@@@@@@@@@@@@@@@@@@@@@@@%#XX^**++==:::---......                                                     X
Step t=2060000:	X=====+++**^^X##%@@@@@@@@@@@@@@@@@@@@@@@@@@@@%#XX^**++==:::---......                                                     X
Step t=2070000:	X=====+++**^^X##%@@@@@@@@@@@@@@@@@@@@@@@@@@@@%#XX^**++==:::----.....                                                     X
Step t=2080000:	X====++++**^^X##%@@@@@@@@@@@@@@@@@@@@@@@@@@@@%#XX^**++==:::----.....                                                     X
Step t=2090000:	X====+++***^^X##%@@@@@@@@@@@@@@@@@@@@@@@@@@@@%##X^^*++==:::----.....                                                     X
Step t=2100000:	X====+++***^^X##%@@@@@@@@@@@@@@@@@@@@@@@@@@@@%##X^^*++==:::----.....                                                     X
Step t=2110000:	X====+++***^XX##%@@@@@@@@@@@@@@@@@@@@@@@@@@@@%##X^^*++===::----.....                                                     X
Step t=2120000:	X====+++***^XX##%@@@@@@@@@@@@@@@@@@@@@@@@@@@@%##X^^*++===::----.....                                                     X
Step t=2130000:	X====+++**^^XX##%@@@@@@@@@@@@@@@@@@@@@@@@@@@@%##X^^*++===::----.....                                                     X
Step t=2140000:	X===++++**^^XX#%%@@@@@@@@@@@@@@@@@@@@@@@@@@@@%##X^^*++===::----......                                                    X
Step t=2150000:	X===++++**^^XX#%%@@@@@@@@@@@@@@@@@@@@@@@@@@@@%##X^^**+===:::---......                                                    X
Step t=2160000:	X===++++**^^XX#%%@@@@@@@@@@@@@@@@@@@@@@@@@@@@%##X^^**++==:::---......                                                    X
Step t=2170000:	X===++++**^^XX#%%@@@@@@@@@@@@@@@@@@@@@@@@@@@@%##X^^**++==:::---......                                                    X
Step t=2180000:	X==+++++**^^XX#%%@@@@@@@@@@@@@@@@@@@@@@@@@@@@%##X^^**++==:::---......                                                    X
Step t=2190000:	X==++++***^^XX#%%@@@@@@@@@@@@@@@@@@@@@@@@@@@@%%#X^^**++==:::---......                                                    X
Step t=2200000:	X==++++***^^XX#%%@@@@@@@@@@@@@@@@@@@@@@@@@@@@%%#X^^**++==:::---......                                                    X
Step t=2210000:	X=+++++***^^XX#%%@@@@@@@@@@@@@@@@@@@@@@@@@@@@%%#X^^**++==:::----.....                                                    X
Step t=2220000:	X=+++++***^^XX#%%@@@@@@@@@@@@@@@@@@@@@@@@@@@@%%#X^^**++==:::----.....                                                    X
Step t=2230000:	X++++++***^^XX#%%@@@@@@@@@@@@@@@@@@@@@@@@@@@@%%#XX^**++==:::----.....                                                    X
Step t=2240000:	X++++++***^^X##%@@@@@@@@@@@@@@@@@@@@@@@@@@@@@%%#XX^**++==:::----.....                                                    X
Step t=2250000:	X++++++***^^X##%@@@@@@@@@@@@@@@@@@@@@@@@@@@@@%%#XX^**++==:::----......                                                   X
Step t=2260000:	X++++++**^^^X##%@@@@@@@@@@@@@@@@@@@@@@@@@@@@@%%#XX^**++==:::----......                                                   X
Step t=2270000:	X++++++**^^XX##%@@@@@@@@@@@@@@@@@@@@@@@@@@@@@%%#XX^**++==:::----......                                                   X
Step t=2280000:	X+++++***^^XX##%@@@@@@@@@@@@@@@@@@@@@@@@@@@@@@%#XX^**++===::----......                                                   X
Step t=2290000:	X+++++***^^XX##%@@@@@@@@@@@@@@@@@@@@@@@@@@@@@@%#XX^**++===::----......                                                   X
Step t=2300000:	X+++++***^^XX##%@@@@@@@@@@@@@@@@@@@@@@@@@@@@@@%#XX^**++===::----......                                                   X
Step t=2310000:	X+++++***^^XX##%@@@@@@@@@@@@@@@@@@@@@@@@@@@@@@%#XX^**++===:::---......                                                   X
Step t=2320000:	X+++++***^^XX##%@@@@@@@@@@@@@@@@@@@@@@@@@@@@@@%#XX^^*++===:::---......                                                   X
Step t=2330000:	X+++++***^^XX##%@@@@@@@@@@@@@@@@@@@@@@@@@@@@@@%#XX^^*++===:::---......                                                   X
Step t=2340000:	X+++++***^^XX##%@@@@@@@@@@@@@@@@@@@@@@@@@@@@@@%#XX^^*++===:::---......                                                   X
Step t=2350000:	X++++****^^XX##%@@@@@@@@@@@@@@@@@@@@@@@@@@@@@@%#XX^^*+++==:::----.....                                                   X
Step t=2360000:	X++++****^^XX#%%@@@@@@@@@@@@@@@@@@@@@@@@@@@@@@%##X^^**++==:::----.....                                                   X
Step t=2370000:	X++++***^^^XX#%%@@@@@@@@@@@@@@@@@@@@@@@@@@@@@@%##X^^**++==:::----......                                                  X
Step t=2380000:	X++++***^^^XX#%%@@@@@@@@@@@@@@@@@@@@@@@@@@@@@@%##X^^**++==:::----......                                                  X
Step t=2390000:	X++++***^^^XX#%%@@@@@@@@@@@@@@@@@@@@@@@@@@@@@@%##X^^**++==:::----......                                                  X
Step t=2400000:	X++++***^^^XX#%%@@@@@@@@@@@@@@@@@@@@@@@@@@@@@@%##X^^**++==:::----......                                                  X
Step t=2410000:	X+++****^^^XX#%%@@@@@@@@@@@@@@@@@@@@@@@@@@@@@@%##X^^**++==:::----......                                                  X
Step t=2420000:	X+++****^^XX##%%@@@@@@@@@@@@@@@@@@@@@@@@@@@@@@%##X^^**++==:::----......                                                  X
Step t=2430000:	X+++****^^XX##%%@@@@@@@@@@@@@@@@@@@@@@@@@@@@@@%##X^^**++==:::----......                                                  X
Step t=2440000:	X+++****^^XX##%%@@@@@@@@@@@@@@@@@@@@@@@@@@@@@@%##X^^**++==:::----......                                                  X
Step t=2450000:	X++*****^^XX##%%@@@@@@@@@@@@@@@@@@@@@@@@@@@@@@%##X^^**++==:::----......                                                  X
Step t=2460000:	X++*****^^XX##%%@@@@@@@@@@@@@@@@@@@@@@@@@@@@@@%##X^^**++===::----......                                                  X
Step t=2470000:	X++****^^^XX##%%@@@@@@@@@@@@@@@@@@@@@@@@@@@@@@%##X^^**++===:::---......                                                  X
Step t=2480000:	X++****^^^XX##%@@@@@@@@@@@@@@@@@@@@@@@@@@@@@@@%##XX^**++===:::---......                                                  X
Step t=2490000:	X+*****^^^XX##%@@@@@@@@@@@@@@@@@@@@@@@@@@@@@@@%%#XX^**++===:::----.....                                                  X
Step t=2500000:	X+*****^^^XX##%@@@@@@@@@@@@@@@@@@@@@@@@@@@@@@@%%#XX^**++===:::----......                                                 X
Step t=2510000:	X******^^^XX##%@@@@@@@@@@@@@@@@@@@@@@@@@@@@@@@%%#XX^**++===:::----......                                                 X
Step t=2520000:	X******^^^XX##%@@@@@@@@@@@@@@@@@@@@@@@@@@@@@@@%%#XX^**++===:::----......                                                 X
Step t=2530000:	X******^^^XX##%@@@@@@@@@@@@@@@@@@@@@@@@@@@@@@@%%#XX^**++===:::----......                                                 X
Step t=2540000:	X******^^^XX##%@@@@@@@@@@@@@@@@@@@@@@@@@@@@@@@%%#XX^**++===:::----......                                                 X
Step t=2550000:	X******^^XXX##%@@@@@@@@@@@@@@@@@@@@@@@@@@@@@@@%%#XX^**+++==:::----......                                                 X
Step t=2560000:	X*****^^^XXX#%%@@@@@@@@@@@@@@@@@@@@@@@@@@@@@@@%%#XX^^*+++==:::----......                                                 X
Step t=2570000:	X*****^^^XXX#%%@@@@@@@@@@@@@@@@@@@@@@@@@@@@@@@%%#XX^^*+++==:::----......                                                 X
Step t=2580000:	X*****^^^XX##%%@@@@@@@@@@@@@@@@@@@@@@@@@@@@@@@%%#XX^^**++==:::----......                                                 X
Step t=2590000:	X*****^^^XX##%%@@@@@@@@@@@@@@@@@@@@@@@@@@@@@@@%%#XX^^**++==:::----......                                                 X
Step t=2600000:	X*****^^^XX##%%@@@@@@@@@@@@@@@@@@@@@@@@@@@@@@@%%#XX^^**++==:::----......                                                 X
Step t=2610000:	X*****^^^XX##%%@@@@@@@@@@@@@@@@@@@@@@@@@@@@@@@%%#XX^^**++==:::----......                                                 X
Step t=2620000:	X*****^^^XX##%%@@@@@@@@@@@@@@@@@@@@@@@@@@@@@@@@%#XX^^**++==:::----.......                                                X
Step t=2630000:	X****^^^^XX##%%@@@@@@@@@@@@@@@@@@@@@@@@@@@@@@@@%#XX^^**++==:::----.......                                                X
Step t=2640000:	X****^^^^XX##%%@@@@@@@@@@@@@@@@@@@@@@@@@@@@@@@@%#XX^^**++==::::----......                                                X
Step t=2650000:	X****^^^^XX##%%@@@@@@@@@@@@@@@@@@@@@@@@@@@@@@@@%##X^^**++===:::----......                                                X
Step t=2660000:	X****^^^^XX##%%@@@@@@@@@@@@@@@@@@@@@@@@@@@@@@@@%##X^^**++===:::----......                                                X
Step t=2670000:	X****^^^XXX##%%@@@@@@@@@@@@@@@@@@@@@@@@@@@@@@@@%##X^^**++===:::----......                                                X
Step t=2680000:	X****^^^XXX##%%@@@@@@@@@@@@@@@@@@@@@@@@@@@@@@@@%##X^^**++===:::----......                                                X
Step t=2690000:	X***^^^^XXX##%%@@@@@@@@@@@@@@@@@@@@@@@@@@@@@@@@%##X^^**++===:::----......                                                X
Step t=2700000:	X***^^^^XXX##%@@@@@@@@@@@@@@@@@@@@@@@@@@@@@@@@@%##X^^**++===:::----......                                                X
Step t=2710000:	X***^^^^XXX##%@@@@@@@@@@@@@@@@@@@@@@@@@@@@@@@@@%##X^^**++===:::----......                                                X
Step t=2720000:	X***^^^^XXX##%@@@@@@@@@@@@@@@@@@@@@@@@@@@@@@@@@%##X^^**++===:::----......                                                X
Step t=2730000:	X***^^^^XX###%@@@@@@@@@@@@@@@@@@@@@@@@@@@@@@@@@%##X^^**++===:::----......                                                X
Step t=2740000:	X**^^^^^XX##%%@@@@@@@@@@@@@@@@@@@@@@@@@@@@@@@@@%##X^^**++===:::----......                                                X
Step t=2750000:	X**^^^^^XX##%%@@@@@@@@@@@@@@@@@@@@@@@@@@@@@@@@@%##XX^**++===:::----.......                                               X
Step t=2760000:	X**^^^^^XX##%%@@@@@@@@@@@@@@@@@@@@@@@@@@@@@@@@@%##XX^**+++==:::----.......                                               X
Step t=2770000:	X*^^^^^XXX##%%@@@@@@@@@@@@@@@@@@@@@@@@@@@@@@@@@%##XX^**+++==:::----.......                                               X
Step t=2780000:	X*^^^^^XXX##%%@@@@@@@@@@@@@@@@@@@@@@@@@@@@@@@@@%##XX^**+++==:::----.......                                               X
Step t=2790000:	X^^^^^^XXX##%%@@@@@@@@@@@@@@@@@@@@@@@@@@@@@@@@@%##XX^**+++==:::----.......                                               X
Step t=2800000:	X^^^^^^XXX##%%@@@@@@@@@@@@@@@@@@@@@@@@@@@@@@@@@%##XX^**+++==:::-----......                                               X
Step t=2810000:	X^^^^^^XXX##%%@@@@@@@@@@@@@@@@@@@@@@@@@@@@@@@@@%%#XX^^**++==::::----......                                               X
Step t=2820000:	X^^^^^^XXX##%%@@@@@@@@@@@@@@@@@@@@@@@@@@@@@@@@@%%#XX^^**++==::::----......                                               X
Step t=2830000:	X^^^^^^XXX##%%@@@@@@@@@@@@@@@@@@@@@@@@@@@@@@@@@%%#XX^^**++==::::----......                                               X
Step t=2840000:	X^^^^^^XXX##%%@@@@@@@@@@@@@@@@@@@@@@@@@@@@@@@@@%%#XX^^**++===:::----......                                               X
Step t=2850000:	X^^^^^XXXX##%%@@@@@@@@@@@@@@@@@@@@@@@@@@@@@@@@@%%#XX^^**++===:::----......                                               X
Step t=2860000:	X^^^^^XXX###%%@@@@@@@@@@@@@@@@@@@@@@@@@@@@@@@@@%%#XX^^**++===:::----......                                               X
Step t=2870000:	X^^^^^XXX###%%@@@@@@@@@@@@@@@@@@@@@@@@@@@@@@@@@%%#XX^^**++===:::----......                                               X
Step t=2880000:	X^^^^^XXX###%%@@@@@@@@@@@@@@@@@@@@@@@@@@@@@@@@@%%#XX^^**++===:::----......                                               X
Step t=2890000:	X^^^^^XXX###%%@@@@@@@@@@@@@@@@@@@@@@@@@@@@@@@@@%%#XX^^**++===:::----.......                                              X
Step t=2900000:	X^^^^^XXX###%%@@@@@@@@@@@@@@@@@@@@@@@@@@@@@@@@@%%#XX^^**++===:::----.......                                              X
Step t=2910000:	X^^^^^XXX##%%@@@@@@@@@@@@@@@@@@@@@@@@@@@@@@@@@@%%#XX^^**++===:::----.......                                              X
Step t=2920000:	X^^^^^XXX##%%@@@@@@@@@@@@@@@@@@@@@@@@@@@@@@@@@@%%#XX^^**++===:::----.......                                              X
Step t=2930000:	X^^^^XXXX##%%@@@@@@@@@@@@@@@@@@@@@@@@@@@@@@@@@@%%#XX^^**++===:::----.......                                              X
Step t=2940000:	X^^^^XXXX##%%@@@@@@@@@@@@@@@@@@@@@@@@@@@@@@@@@@%%#XX^^**++===:::----.......                                              X
Step t=2950000:	X^^^^XXXX##%%@@@@@@@@@@@@@@@@@@@@@@@@@@@@@@@@@@%%##X^^**++===:::-----......                                              X
Step t=2960000:	X^^^^XXXX##%%@@@@@@@@@@@@@@@@@@@@@@@@@@@@@@@@@@%%##X^^**++===:::-----......                                              X
Step t=2970000:	X^^^^XXXX##%%@@@@@@@@@@@@@@@@@@@@@@@@@@@@@@@@@@%%##X^^**+++==:::-----......                                              X
Step t=2980000:	X^^^^XXX###%%@@@@@@@@@@@@@@@@@@@@@@@@@@@@@@@@@@%%##X^^**+++==:::-----......                                              X
Step t=2990000:	X^^^XXXX###%%@@@@@@@@@@@@@@@@@@@@@@@@@@@@@@@@@@@%##X^^**+++==::::----......                                              X
Step t=3000000:	X^^^XXXX###%%@@@@@@@@@@@@@@@@@@@@@@@@@@@@@@@@@@@%##X^^**+++==::::----......                                              X
Step t=3010000:	X^^^XXXX###%%@@@@@@@@@@@@@@@@@@@@@@@@@@@@@@@@@@@%##X^^**+++==::::----......                                              X
Step t=3020000:	X^^^XXXX###%%@@@@@@@@@@@@@@@@@@@@@@@@@@@@@@@@@@@%##X^^**+++==::::----.......                                             X
Step t=3030000:	X^^XXXXX###%%@@@@@@@@@@@@@@@@@@@@@@@@@@@@@@@@@@@%##XX^**+++==::::----.......                                             X
Step t=3040000:	X^^XXXXX###%%@@@@@@@@@@@@@@@@@@@@@@@@@@@@@@@@@@@%##XX^**+++===:::----.......                                             X
Step t=3050000:	X^^XXXXX###%%@@@@@@@@@@@@@@@@@@@@@@@@@@@@@@@@@@@%##XX^***++===:::----.......                                             X
Step t=3060000:	X^^XXXXX##%%%@@@@@@@@@@@@@@@@@@@@@@@@@@@@@@@@@@@%##XX^***++===:::----.......                                             X
Step t=3070000:	X^XXXXXX##%%%@@@@@@@@@@@@@@@@@@@@@@@@@@@@@@@@@@@%##XX^^**++===:::----.......                                             X
Final:		X^XXXXXX##%%%@@@@@@@@@@@@@@@@@@@@@@@@@@@@@@@@@@@%##XX^^**++===:::----.......                                             X
Verification: OK

real	0m43.838s
user	0m43.636s
sys	0m0.056s
