[DEBUG] Rank: 0, ChunkSize: 650, startIdx: 0, endIdx: 650 
Computing heat-distribution for room size N=2600 for T=1300000 timesteps
Initial:	X                              @                                                                                         X
[DEBUG] Rank: 1, ChunkSize: 650, startIdx: 650, endIdx: 1300 
[DEBUG] Rank: 2, ChunkSize: 650, startIdx: 1300, endIdx: 1950 
[DEBUG] Rank: 3, ChunkSize: 650, startIdx: 1950, endIdx: 2600 
[DEBUG] Broadcasted A to every rank for computation. 
[DEBUG] Broadcasted A to every rank for computation. 
[DEBUG] Broadcasted A to every rank for computation. 
[DEBUG] Broadcasted A to every rank for computation. 
Step t=0:	X                              @=                                                                                        X
Step t=10000:	X                        .-=^@@@@@@^=-.                                                                                  X
Step t=20000:	X                      .-:+X@@@@@@@@X+:-.                                                                                X
Step t=30000:	X                    .-:=*X%@@@@@@@@%^+=-..                                                                              X
Step t=40000:	X                  ..-:=+^#@@@@@@@@@@#^+=:-..                                                                            X
Step t=50000:	X                 ..-:=+^X%@@@@@@@@@@%X^+=:-..                                                                           X
Step t=60000:	X               ...-:=+*X#@@@@@@@@@@@@#X*+=:-..                                                                          X
Step t=70000:	X              ...-:=+*^#%@@@@@@@@@@@@%#^*=::-...                                                                        X
Step t=80000:	X             ...-::=+*X#@@@@@@@@@@@@@@#X*+=::-...                                                                       X
Step t=90000:	X            ...--:=+*^#%@@@@@@@@@@@@@@%X^*+=:--...                                                                      X
Step t=100000:	X           ...--:==+^X#@@@@@@@@@@@@@@@@#X*+==:--...                                                                     X
Step t=110000:	X          ...--::=+*^X%@@@@@@@@@@@@@@@@%X^*+=::--...                                                                    X
Step t=120000:	X         ...--::=+*^X#%@@@@@@@@@@@@@@@@%#X*++=:---...                                                                   X
Step t=130000:	X        ....--:==+*^X#@@@@@@@@@@@@@@@@@@#X^*+=::--....                                                                  X
Step t=140000:	X       ....--::=++*^X%@@@@@@@@@@@@@@@@@@%X^*++=::--...                                                                  X
Step t=150000:	X       ...---:==+*^X#%@@@@@@@@@@@@@@@@@@%#X^*+==:---...                                                                 X
Step t=160000:	X      ....--::=++*^X#%@@@@@@@@@@@@@@@@@@%#X^*++=::--....                                                                X
Step t=170000:	X     ....--::==+*^X#%@@@@@@@@@@@@@@@@@@@@%X^^*+==::--....                                                               X
Step t=180000:	X    ....---::=++*^X#%@@@@@@@@@@@@@@@@@@@@%#X^*++=::---...                                                               X
Step t=190000:	X  ......--::==+**^X#%@@@@@@@@@@@@@@@@@@@@%#X^**+==::--....                                                              X
Step t=200000:	X.......---::==+*^XX#%@@@@@@@@@@@@@@@@@@@@%#X^^*+==::---....                                                             X
Step t=210000:	X......---::==++*^X#%@@@@@@@@@@@@@@@@@@@@@@%#X^*++==::--.....                                                            X
Step t=220000:	X.....----::==+**^X#%@@@@@@@@@@@@@@@@@@@@@@%#X^**+==::---....                                                            X
Step t=230000:	X....----::==++*^^X#%@@@@@@@@@@@@@@@@@@@@@@%#X^^*++=:::--.....                                                           X
Step t=240000:	X...----:::==+**^X#%%@@@@@@@@@@@@@@@@@@@@@@%##X^*++==::---.....                                                          X
Step t=250000:	X..-----::==++**^X#%@@@@@@@@@@@@@@@@@@@@@@@@%#X^**+==:::---....                                                          X
Step t=260000:	X------:::==++*^^X#%@@@@@@@@@@@@@@@@@@@@@@@@%#X^^*++==::---.....                                                         X
Step t=270000:	X-----:::==++**^XX#%@@@@@@@@@@@@@@@@@@@@@@@@%#XX^*++==::----....                                                         X
Step t=280000:	X----::::==++**^X#%%@@@@@@@@@@@@@@@@@@@@@@@@%##X^**++=:::---.....                                                        X
Step t=290000:	X---::::===++*^^X#%@@@@@@@@@@@@@@@@@@@@@@@@@%%#X^^*++==::----....                                                        X
Step t=300000:	X--::::===++**^XX#%@@@@@@@@@@@@@@@@@@@@@@@@@@%#X^^*++==:::---.....                                                       X
Step t=310000:	X::::::===++*^^X##%@@@@@@@@@@@@@@@@@@@@@@@@@@%#XX^**++==::---......                                                      X
Step t=320000:	X:::::===++**^^X##%@@@@@@@@@@@@@@@@@@@@@@@@@@%##X^**++==:::---.....                                                      X
Step t=330000:	X::::====++**^XX#%%@@@@@@@@@@@@@@@@@@@@@@@@@@%%#X^^*++==:::---......                                                     X
Step t=340000:	X:::====++**^^XX#%@@@@@@@@@@@@@@@@@@@@@@@@@@@%%#X^^**++==::----.....                                                     X
Step t=350000:	X:=====+++**^^X##%@@@@@@@@@@@@@@@@@@@@@@@@@@@@%#XX^**++==:::---......                                                    X
Step t=360000:	X======++***^XX##%@@@@@@@@@@@@@@@@@@@@@@@@@@@@%#XX^^*++==:::----.....                                                    X
Step t=370000:	X=====+++**^^XX#%%@@@@@@@@@@@@@@@@@@@@@@@@@@@@%##X^^**++==:::---......                                                   X
Step t=380000:	X====+++***^^X##%@@@@@@@@@@@@@@@@@@@@@@@@@@@@@%%#X^^**++==:::----.....                                                   X
Step t=390000:	X===++++**^^XX##%@@@@@@@@@@@@@@@@@@@@@@@@@@@@@%%#XX^**++==:::----......                                                  X
Step t=400000:	X++++++***^^XX#%%@@@@@@@@@@@@@@@@@@@@@@@@@@@@@@%#XX^^*++===:::---......                                                  X
Step t=410000:	X+++++***^^^XX#%%@@@@@@@@@@@@@@@@@@@@@@@@@@@@@@%##X^^**++==:::----......                                                 X
Step t=420000:	X+++++***^^XX##%%@@@@@@@@@@@@@@@@@@@@@@@@@@@@@@%##X^^**++==:::----......                                                 X
Step t=430000:	X++++***^^^XX##%@@@@@@@@@@@@@@@@@@@@@@@@@@@@@@@%##XX^**++===:::----......                                                X
Step t=440000:	X++*****^^XXX#%%@@@@@@@@@@@@@@@@@@@@@@@@@@@@@@@%%#XX^^*+++==:::----......                                                X
Step t=450000:	X******^^^XX##%%@@@@@@@@@@@@@@@@@@@@@@@@@@@@@@@%%#XX^^**++==:::----.......                                               X
Step t=460000:	X******^^^XX##%%@@@@@@@@@@@@@@@@@@@@@@@@@@@@@@@@%##X^^**++===:::----......                                               X
Step t=470000:	X*****^^^XXX##%@@@@@@@@@@@@@@@@@@@@@@@@@@@@@@@@@%##X^^**++===:::----.......                                              X
Step t=480000:	X****^^^^XX##%%@@@@@@@@@@@@@@@@@@@@@@@@@@@@@@@@@%##XX^**+++==:::-----......                                              X
Step t=490000:	X***^^^^XXX##%%@@@@@@@@@@@@@@@@@@@@@@@@@@@@@@@@@%%#XX^^**++===:::----......                                              X
Step t=500000:	X^^^^^^XXX###%@@@@@@@@@@@@@@@@@@@@@@@@@@@@@@@@@@%%#XX^^**++===:::----.......                                             X
Step t=510000:	X^^^^^^XXX##%%@@@@@@@@@@@@@@@@@@@@@@@@@@@@@@@@@@%%##X^^**+++==:::-----......                                             X
Step t=520000:	X^^^^^XXX###%%@@@@@@@@@@@@@@@@@@@@@@@@@@@@@@@@@@@%##X^^**+++==::::----.......                                            X
Step t=530000:	X^^^^XXXX##%%%@@@@@@@@@@@@@@@@@@@@@@@@@@@@@@@@@@@%##XX^^**++===:::----.......                                            X
Step t=540000:	X^^^XXXX###%%@@@@@@@@@@@@@@@@@@@@@@@@@@@@@@@@@@@@%##XX^^**++===:::-----.......                                           X
Step t=550000:	X^XXXXXX###%%@@@@@@@@@@@@@@@@@@@@@@@@@@@@@@@@@@@@%%#XX^^**+++==::::----.......                                           X
Step t=560000:	XXXXXXX###%%%@@@@@@@@@@@@@@@@@@@@@@@@@@@@@@@@@@@@%%#XX^^**+++===:::----.......                                           X
Step t=570000:	XXXXXX####%%@@@@@@@@@@@@@@@@@@@@@@@@@@@@@@@@@@@@@%%##X^^***++===:::-----.......                                          X
Step t=580000:	XXXXXX###%%%@@@@@@@@@@@@@@@@@@@@@@@@@@@@@@@@@@@@@%%##XX^^**++===::::----.......                                          X
Step t=590000:	XXXXX####%%%@@@@@@@@@@@@@@@@@@@@@@@@@@@@@@@@@@@@@@%##XX^^**+++==::::-----.......                                         X
Step t=600000:	XXX#####%%%@@@@@@@@@@@@@@@@@@@@@@@@@@@@@@@@@@@@@@@%##XX^^**+++===:::-----.......                                         X
Step t=610000:	X#######%%%@@@@@@@@@@@@@@@@@@@@@@@@@@@@@@@@@@@@@@@%%#XX^^***++===::::----.......                                         X
Step t=620000:	X######%%%@@@@@@@@@@@@@@@@@@@@@@@@@@@@@@@@@@@@@@@@%%#XX^^***++===::::-----.......                                        X
Step t=630000:	X#####%%%%@@@@@@@@@@@@@@@@@@@@@@@@@@@@@@@@@@@@@@@@%%##XX^^**+++===:::-----.......                                        X
Step t=640000:	X#####%%%%@@@@@@@@@@@@@@@@@@@@@@@@@@@@@@@@@@@@@@@@%%##XX^^**+++===:::-----........                                       X
Step t=650000:	X####%%%%@@@@@@@@@@@@@@@@@@@@@@@@@@@@@@@@@@@@@@@@@%%##XX^^**+++===::::----........                                       X
Step t=660000:	X##%%%%%%@@@@@@@@@@@@@@@@@@@@@@@@@@@@@@@@@@@@@@@@@@%##XX^^***++===::::-----.......                                       X
Step t=670000:	X%%%%%%%@@@@@@@@@@@@@@@@@@@@@@@@@@@@@@@@@@@@@@@@@@@%##XX^^***++====:::-----........                                      X
Step t=680000:	X%%%%%%@@@@@@@@@@@@@@@@@@@@@@@@@@@@@@@@@@@@@@@@@@@@%%#XX^^^**+++===::::----........                                      X
Step t=690000:	X%%%%%%@@@@@@@@@@@@@@@@@@@@@@@@@@@@@@@@@@@@@@@@@@@@%%##XX^^**+++===::::-----.......                                      X
Step t=700000:	X%%%%%@@@@@@@@@@@@@@@@@@@@@@@@@@@@@@@@@@@@@@@@@@@@@%%##XX^^**+++===::::-----........                                     X
Step t=710000:	X%%%%@@@@@@@@@@@@@@@@@@@@@@@@@@@@@@@@@@@@@@@@@@@@@@%%##XX^^***++====:::-----........                                     X
Step t=720000:	X%%%@@@@@@@@@@@@@@@@@@@@@@@@@@@@@@@@@@@@@@@@@@@@@@@%%##XX^^***+++===::::-----........                                    X
Step t=730000:	X%@@@@@@@@@@@@@@@@@@@@@@@@@@@@@@@@@@@@@@@@@@@@@@@@@@%##XX^^^**+++===::::-----........                                    X
Step t=740000:	X@@@@@@@@@@@@@@@@@@@@@@@@@@@@@@@@@@@@@@@@@@@@@@@@@@@%##XXX^^**+++===::::-----........                                    X
Step t=750000:	X@@@@@@@@@@@@@@@@@@@@@@@@@@@@@@@@@@@@@@@@@@@@@@@@@@@%%##XX^^**+++====:::------........                                   X
Step t=760000:	X@@@@@@@@@@@@@@@@@@@@@@@@@@@@@@@@@@@@@@@@@@@@@@@@@@@%%##XX^^***++====::::-----........                                   X
Step t=770000:	X@@@@@@@@@@@@@@@@@@@@@@@@@@@@@@@@@@@@@@@@@@@@@@@@@@@%%##XX^^***+++===::::-----........                                   X
Step t=780000:	X@@@@@@@@@@@@@@@@@@@@@@@@@@@@@@@@@@@@@@@@@@@@@@@@@@@%%##XX^^***+++===::::------........                                  X
Step t=790000:	X@@@@@@@@@@@@@@@@@@@@@@@@@@@@@@@@@@@@@@@@@@@@@@@@@@@%%##XX^^^**+++===:::::-----........                                  X
Step t=800000:	X@@@@@@@@@@@@@@@@@@@@@@@@@@@@@@@@@@@@@@@@@@@@@@@@@@@%%##XXX^^**+++====::::-----........                                  X
Step t=810000:	X@@@@@@@@@@@@@@@@@@@@@@@@@@@@@@@@@@@@@@@@@@@@@@@@@@@@%##XXX^^***+++===::::-----.........                                 X
Step t=820000:	X@@@@@@@@@@@@@@@@@@@@@@@@@@@@@@@@@@@@@@@@@@@@@@@@@@@@%%##XX^^***+++===::::------........                                 X
Step t=830000:	X@@@@@@@@@@@@@@@@@@@@@@@@@@@@@@@@@@@@@@@@@@@@@@@@@@@@%%##XX^^***+++===:::::-----........                                 X
Step t=840000:	X@@@@@@@@@@@@@@@@@@@@@@@@@@@@@@@@@@@@@@@@@@@@@@@@@@@@%%##XX^^^**+++====::::-----.........                                X
Step t=850000:	X@@@@@@@@@@@@@@@@@@@@@@@@@@@@@@@@@@@@@@@@@@@@@@@@@@@@%%##XX^^^**+++====::::------........                                X
Step t=860000:	X@@@@@@@@@@@@@@@@@@@@@@@@@@@@@@@@@@@@@@@@@@@@@@@@@@@@%%##XX^^^***+++===::::------........                                X
Step t=870000:	X@@@@@@@@@@@@@@@@@@@@@@@@@@@@@@@@@@@@@@@@@@@@@@@@@@@@%%##XXX^^***+++===:::::-----.........                               X
Step t=880000:	X@@@@@@@@@@@@@@@@@@@@@@@@@@@@@@@@@@@@@@@@@@@@@@@@@@@@%%###XX^^***+++====::::-----.........                               X
Step t=890000:	X@@@@@@@@@@@@@@@@@@@@@@@@@@@@@@@@@@@@@@@@@@@@@@@@@@@@@%%##XX^^***+++====::::------........                               X
Step t=900000:	X@@@@@@@@@@@@@@@@@@@@@@@@@@@@@@@@@@@@@@@@@@@@@@@@@@@@@%%##XX^^^**+++====::::------.........                              X
Step t=910000:	X@@@@@@@@@@@@@@@@@@@@@@@@@@@@@@@@@@@@@@@@@@@@@@@@@@@@@%%##XX^^^***+++===:::::-----.........                              X
Step t=920000:	X@@@@@@@@@@@@@@@@@@@@@@@@@@@@@@@@@@@@@@@@@@@@@@@@@@@@@%%##XX^^^***+++===:::::-----.........                              X
Step t=930000:	X@@@@@@@@@@@@@@@@@@@@@@@@@@@@@@@@@@@@@@@@@@@@@@@@@@@@@%%##XXX^^***+++====::::------.........                             X
Step t=940000:	X@@@@@@@@@@@@@@@@@@@@@@@@@@@@@@@@@@@@@@@@@@@@@@@@@@@@@%%##XXX^^***+++====::::------.........                             X
Step t=950000:	X@@@@@@@@@@@@@@@@@@@@@@@@@@@@@@@@@@@@@@@@@@@@@@@@@@@@@%%##XXX^^***+++====::::------.........                             X
Step t=960000:	X@@@@@@@@@@@@@@@@@@@@@@@@@@@@@@@@@@@@@@@@@@@@@@@@@@@@@%%###XX^^^**++++===:::::------.........                            X
Step t=970000:	X@@@@@@@@@@@@@@@@@@@@@@@@@@@@@@@@@@@@@@@@@@@@@@@@@@@@@%%%##XX^^^***+++===:::::------.........                            X
Step t=980000:	X@@@@@@@@@@@@@@@@@@@@@@@@@@@@@@@@@@@@@@@@@@@@@@@@@@@@@@%%##XX^^^***+++====::::------.........                            X
Step t=990000:	X@@@@@@@@@@@@@@@@@@@@@@@@@@@@@@@@@@@@@@@@@@@@@@@@@@@@@@%%##XX^^^***+++====::::------.........                            X
Step t=1000000:	X@@@@@@@@@@@@@@@@@@@@@@@@@@@@@@@@@@@@@@@@@@@@@@@@@@@@@@%%##XXX^^***+++====:::::------.........                           X
Step t=1010000:	X@@@@@@@@@@@@@@@@@@@@@@@@@@@@@@@@@@@@@@@@@@@@@@@@@@@@@@%%##XXX^^***++++===:::::------.........                           X
Step t=1020000:	X@@@@@@@@@@@@@@@@@@@@@@@@@@@@@@@@@@@@@@@@@@@@@@@@@@@@@@%%##XXX^^^**++++====::::------.........                           X
Step t=1030000:	X@@@@@@@@@@@@@@@@@@@@@@@@@@@@@@@@@@@@@@@@@@@@@@@@@@@@@@%%###XX^^^***+++====::::------..........                          X
Step t=1040000:	X@@@@@@@@@@@@@@@@@@@@@@@@@@@@@@@@@@@@@@@@@@@@@@@@@@@@@@%%###XX^^^***+++====:::::------.........                          X
Step t=1050000:	X@@@@@@@@@@@@@@@@@@@@@@@@@@@@@@@@@@@@@@@@@@@@@@@@@@@@@@%%%##XX^^^***+++====:::::------.........                          X
Step t=1060000:	X@@@@@@@@@@@@@@@@@@@@@@@@@@@@@@@@@@@@@@@@@@@@@@@@@@@@@@%%%##XX^^^***+++====:::::------..........                         X
Step t=1070000:	X@@@@@@@@@@@@@@@@@@@@@@@@@@@@@@@@@@@@@@@@@@@@@@@@@@@@@@@%%##XXX^^***++++====::::------..........                         X
Step t=1080000:	X@@@@@@@@@@@@@@@@@@@@@@@@@@@@@@@@@@@@@@@@@@@@@@@@@@@@@@@%%##XXX^^***++++====::::-------.........                         X
Step t=1090000:	X@@@@@@@@@@@@@@@@@@@@@@@@@@@@@@@@@@@@@@@@@@@@@@@@@@@@@@@%%##XXX^^^***+++====:::::------..........                        X
Step t=1100000:	X@@@@@@@@@@@@@@@@@@@@@@@@@@@@@@@@@@@@@@@@@@@@@@@@@@@@@@@%%##XXX^^^***+++====:::::------..........                        X
Step t=1110000:	X@@@@@@@@@@@@@@@@@@@@@@@@@@@@@@@@@@@@@@@@@@@@@@@@@@@@@@@%%###XX^^^***+++====:::::------..........                        X
Step t=1120000:	X@@@@@@@@@@@@@@@@@@@@@@@@@@@@@@@@@@@@@@@@@@@@@@@@@@@@@@@%%###XX^^^***++++====::::-------.........                        X
Step t=1130000:	X@@@@@@@@@@@@@@@@@@@@@@@@@@@@@@@@@@@@@@@@@@@@@@@@@@@@@@@%%###XX^^^***++++====:::::------..........                       X
Step t=1140000:	X@@@@@@@@@@@@@@@@@@@@@@@@@@@@@@@@@@@@@@@@@@@@@@@@@@@@@@@%%%##XXX^^***++++====:::::------..........                       X
Step t=1150000:	X@@@@@@@@@@@@@@@@@@@@@@@@@@@@@@@@@@@@@@@@@@@@@@@@@@@@@@@%%%##XXX^^^***+++====:::::------..........                       X
Step t=1160000:	X@@@@@@@@@@@@@@@@@@@@@@@@@@@@@@@@@@@@@@@@@@@@@@@@@@@@@@@@%%##XXX^^^***+++====:::::-------..........                      X
Step t=1170000:	X@@@@@@@@@@@@@@@@@@@@@@@@@@@@@@@@@@@@@@@@@@@@@@@@@@@@@@@@%%##XXX^^^***+++=====::::-------..........                      X
Step t=1180000:	X@@@@@@@@@@@@@@@@@@@@@@@@@@@@@@@@@@@@@@@@@@@@@@@@@@@@@@@@%%##XXX^^^***++++====:::::------..........                      X
Step t=1190000:	X@@@@@@@@@@@@@@@@@@@@@@@@@@@@@@@@@@@@@@@@@@@@@@@@@@@@@@@@%%###XX^^^***++++====:::::------..........                      X
Step t=1200000:	X@@@@@@@@@@@@@@@@@@@@@@@@@@@@@@@@@@@@@@@@@@@@@@@@@@@@@@@@%%###XX^^^***++++====:::::-------..........                     X
Step t=1210000:	X@@@@@@@@@@@@@@@@@@@@@@@@@@@@@@@@@@@@@@@@@@@@@@@@@@@@@@@@%%###XXX^^****+++====:::::-------..........                     X
Step t=1220000:	X@@@@@@@@@@@@@@@@@@@@@@@@@@@@@@@@@@@@@@@@@@@@@@@@@@@@@@@@%%###XXX^^^***+++====:::::-------..........                     X
Step t=1230000:	X@@@@@@@@@@@@@@@@@@@@@@@@@@@@@@@@@@@@@@@@@@@@@@@@@@@@@@@@%%%##XXX^^^***+++=====:::::------...........                    X
Step t=1240000:	X@@@@@@@@@@@@@@@@@@@@@@@@@@@@@@@@@@@@@@@@@@@@@@@@@@@@@@@@%%%##XXX^^^***++++====:::::-------..........                    X
Step t=1250000:	X@@@@@@@@@@@@@@@@@@@@@@@@@@@@@@@@@@@@@@@@@@@@@@@@@@@@@@@@%%%##XXX^^^***++++====:::::-------..........                    X
Step t=1260000:	X@@@@@@@@@@@@@@@@@@@@@@@@@@@@@@@@@@@@@@@@@@@@@@@@@@@@@@@@@%%##XXX^^^***++++====:::::-------...........                   X
Step t=1270000:	X@@@@@@@@@@@@@@@@@@@@@@@@@@@@@@@@@@@@@@@@@@@@@@@@@@@@@@@@@%%###XX^^^***++++====::::::------...........                   X
Step t=1280000:	X@@@@@@@@@@@@@@@@@@@@@@@@@@@@@@@@@@@@@@@@@@@@@@@@@@@@@@@@@%%###XX^^^****+++=====:::::------...........                   X
Step t=1290000:	X@@@@@@@@@@@@@@@@@@@@@@@@@@@@@@@@@@@@@@@@@@@@@@@@@@@@@@@@@%%###XXX^^^***+++=====:::::-------..........                   X
Final:		X@@@@@@@@@@@@@@@@@@@@@@@@@@@@@@@@@@@@@@@@@@@@@@@@@@@@@@@@@%%###XXX^^^***++++====:::::-------...........                  X
Verification: OK
